<?xml version="1.0" encoding="UTF-8"?>
<testng-results skipped="0" failed="0" ignored="0" total="2" passed="2">
  <reporter-output>
  </reporter-output>
  <suite name="Default suite" duration-ms="87775" started-at="2018-03-25T05:50:17Z" finished-at="2018-03-25T05:51:45Z">
    <groups>
    </groups>
    <test name="Default test" duration-ms="87775" started-at="2018-03-25T05:50:17Z" finished-at="2018-03-25T05:51:45Z">
      <class name="com.maven.qa.testpackage.TestNGTests">
        <test-method status="PASS" signature="initialize()[pri:0, instance:com.maven.qa.testpackage.TestNGTests@2a2d45ba]" name="initialize" is-config="true" duration-ms="28022" started-at="2018-03-25T11:20:17Z" finished-at="2018-03-25T11:20:45Z">
          <reporter-output>
          </reporter-output>
        </test-method> <!-- initialize -->
        <test-method status="PASS" signature="login()[pri:0, instance:com.maven.qa.testpackage.TestNGTests@2a2d45ba]" name="login" duration-ms="10911" started-at="2018-03-25T11:20:46Z" finished-at="2018-03-25T11:20:56Z">
          <reporter-output>
          </reporter-output>
        </test-method> <!-- login -->
        <test-method status="PASS" signature="placeorder()[pri:1, instance:com.maven.qa.testpackage.TestNGTests@2a2d45ba]" name="placeorder" duration-ms="45750" started-at="2018-03-25T11:20:56Z" finished-at="2018-03-25T11:21:42Z">
          <reporter-output>
          </reporter-output>
        </test-method> <!-- placeorder -->
        <test-method status="PASS" signature="close()[pri:0, instance:com.maven.qa.testpackage.TestNGTests@2a2d45ba]" name="close" is-config="true" duration-ms="2937" started-at="2018-03-25T11:21:42Z" finished-at="2018-03-25T11:21:45Z">
          <reporter-output>
          </reporter-output>
        </test-method> <!-- close -->
      </class> <!-- com.maven.qa.testpackage.TestNGTests -->
    </test> <!-- Default test -->
  </suite> <!-- Default suite -->
</testng-results>
